Building DAG of jobs...
Using shell: /bin/bash
Provided cores: 1 (use --cores to define parallelism)
Rules claiming more threads will be scaled down.
Conda environments: ignored
Job stats:
job                 count
----------------  -------
all                     1
merge_uncomtrade        1
total                   2

Select jobs to execute...
Execute 1 jobs...

[Fri Jul 26 16:38:43 2024]
localrule merge_uncomtrade:
    input: resources/raw_data/uncomtrade_4401.parquet.gzip, resources/raw_data/uncomtrade_4403.parquet.gzip, resources/raw_data/uncomtrade_4407.parquet.gzip, resources/raw_data/uncomtrade_4408.parquet.gzip, resources/raw_data/uncomtrade_4410.parquet.gzip, resources/raw_data/uncomtrade_4411.parquet.gzip, resources/raw_data/uncomtrade_4412.parquet.gzip, resources/raw_data/uncomtrade_4802.parquet.gzip, resources/raw_data/uncomtrade_4804.parquet.gzip, resources/raw_data/uncomtrade_8703.parquet.gzip
    output: resources/raw_data/uncomtrade_merged.parquet.gzip
    jobid: 1
    reason: Missing output files: resources/raw_data/uncomtrade_merged.parquet.gzip
    resources: tmpdir=/var/folders/c9/hqnny2d55q989c0tpr5zmgtm0000gn/T

[Fri Jul 26 16:38:44 2024]
Finished job 1.
1 of 2 steps (50%) done
Select jobs to execute...
Execute 1 jobs...

[Fri Jul 26 16:38:44 2024]
localrule all:
    input: resources/raw_data/uncomtrade_merged.parquet.gzip
    jobid: 0
    reason: Input files updated by another job: resources/raw_data/uncomtrade_merged.parquet.gzip
    resources: tmpdir=/var/folders/c9/hqnny2d55q989c0tpr5zmgtm0000gn/T

[Fri Jul 26 16:38:44 2024]
Finished job 0.
2 of 2 steps (100%) done
Complete log: .snakemake/log/2024-07-26T163842.919805.snakemake.log
