host: MacBook-Pro-de-Valentin.local
Building DAG of jobs...
Using shell: /bin/bash
Provided cores: 12
Rules claiming more threads will be scaled down.
Conda environments: ignored
Job stats:
job               count
--------------  -------
all                   1
get_uncomtrade        1
total                 2

Select jobs to execute...
Execute 1 jobs...

[Mon Dec  9 20:14:38 2024]
localrule get_uncomtrade:
    output: resources/raw_data/uncomtrade_4401.parquet.gzip
    jobid: 1
    reason: Forced execution
    wildcards: cmd=4401
    resources: tmpdir=/var/folders/c9/hqnny2d55q989c0tpr5zmgtm0000gn/T

[Mon Dec  9 20:15:50 2024]
Finished job 1.
1 of 2 steps (50%) done
Select jobs to execute...
Execute 1 jobs...

[Mon Dec  9 20:15:50 2024]
localrule all:
    input: resources/raw_data/uncomtrade_4401.parquet.gzip
    jobid: 0
    reason: Forced execution
    resources: tmpdir=/var/folders/c9/hqnny2d55q989c0tpr5zmgtm0000gn/T

[Mon Dec  9 20:15:50 2024]
Finished job 0.
2 of 2 steps (100%) done
Complete log: .snakemake/log/2024-12-09T201438.496777.snakemake.log
