Building DAG of jobs...
Using shell: /bin/bash
Provided cores: 1 (use --cores to define parallelism)
Rules claiming more threads will be scaled down.
Conda environments: ignored
Job stats:
job              count
-------------  -------
all                  1
plot_outliers        1
total                2

Select jobs to execute...
Execute 1 jobs...

[Fri Jul 26 17:05:37 2024]
localrule plot_outliers:
    input: resources/raw_data/uncomtrade_4403.parquet.gzip
    output: results/plot/outliers/outliers_4403.png
    jobid: 1
    reason: Missing output files: results/plot/outliers/outliers_4403.png
    resources: tmpdir=/var/folders/c9/hqnny2d55q989c0tpr5zmgtm0000gn/T

RuleException:
CalledProcessError in file /Users/valentinmathieu/Desktop/wd/trade_discrepancies/workflow/rules/plot_outliers.smk, line 7:
Command 'set -euo pipefail;  /Users/valentinmathieu/miniconda3/bin/python3.12 /Users/valentinmathieu/Desktop/wd/trade_discrepancies/.snakemake/scripts/tmpvob9iljn.plot_outliers.py' returned non-zero exit status 1.
[Fri Jul 26 17:05:39 2024]
Error in rule plot_outliers:
    jobid: 1
    input: resources/raw_data/uncomtrade_4403.parquet.gzip
    output: results/plot/outliers/outliers_4403.png

Shutting down, this might take some time.
Exiting because a job execution failed. Look above for error message
Complete log: .snakemake/log/2024-07-26T170537.013330.snakemake.log
WorkflowError:
At least one job did not complete successfully.
