host: MBP-de-Valentin
Building DAG of jobs...
Using shell: /bin/bash
Provided cores: 12
Rules claiming more threads will be scaled down.
Conda environments: ignored
Job stats:
job                      count
---------------------  -------
all                          1
correspondence_FAO_HS        1
total                        2

Select jobs to execute...
Execute 2 jobs...

[Sun Dec 22 11:42:23 2024]
localrule all:
    jobid: 1
    reason: Rules with neither input nor output files are always executed.
    resources: tmpdir=/var/folders/c9/hqnny2d55q989c0tpr5zmgtm0000gn/T

[Sun Dec 22 11:42:23 2024]
localrule correspondence_FAO_HS:
    output: resources/raw_data/correspondence_FAO_HS.json
    jobid: 0
    reason: Forced execution
    resources: tmpdir=/var/folders/c9/hqnny2d55q989c0tpr5zmgtm0000gn/T

[Sun Dec 22 11:42:23 2024]
Finished job 1.
1 of 2 steps (50%) done
[Sun Dec 22 11:42:24 2024]
Finished job 0.
2 of 2 steps (100%) done
Complete log: .snakemake/log/2024-12-22T114223.462422.snakemake.log
