host: MBP-de-Valentin
Building DAG of jobs...
Using shell: /bin/bash
Provided cores: 12
Rules claiming more threads will be scaled down.
Conda environments: ignored
Job stats:
job               count
--------------  -------
all                   1
get_uncomtrade        1
total                 2

Select jobs to execute...
Execute 1 jobs...

[Sun Dec 22 16:50:46 2024]
localrule get_uncomtrade:
    input: resources/raw_data/correspondence_FAO_HS.json
    output: resources/raw_data/uncomtrade_data.parquet.gzip
    jobid: 1
    reason: Missing output files: resources/raw_data/uncomtrade_data.parquet.gzip
    resources: tmpdir=/var/folders/c9/hqnny2d55q989c0tpr5zmgtm0000gn/T

RuleException:
CalledProcessError in file /Users/valentinmathieu/Desktop/wd/trade_discrepancies/workflow/rules/get_uncomtrade.smk, line 18:
Command 'set -euo pipefail;  /Users/valentinmathieu/miniconda3/envs/trade_analysis/bin/python3.12 /Users/valentinmathieu/Desktop/wd/trade_discrepancies/.snakemake/scripts/tmpmwkldty8.get_uncomtrade_data.py' returned non-zero exit status 1.
[Sun Dec 22 16:50:48 2024]
Error in rule get_uncomtrade:
    jobid: 1
    input: resources/raw_data/correspondence_FAO_HS.json
    output: resources/raw_data/uncomtrade_data.parquet.gzip
    conda-env: /Users/valentinmathieu/Desktop/wd/trade_discrepancies/.snakemake/conda/529b8df9e49253a30827f4a2bf08e520_

Shutting down, this might take some time.
Exiting because a job execution failed. Look above for error message
Complete log: .snakemake/log/2024-12-22T165046.827914.snakemake.log
WorkflowError:
At least one job did not complete successfully.
