Building DAG of jobs...
Using shell: /bin/bash
Provided cores: 1 (use --cores to define parallelism)
Rules claiming more threads will be scaled down.
Conda environments: ignored
Job stats:
job              count
-------------  -------
all                  1
plot_outliers        1
total                2

Select jobs to execute...
Execute 1 jobs...

[Fri Jul 26 17:07:59 2024]
localrule plot_outliers:
    input: resources/raw_data/uncomtrade_4403.parquet.gzip
    output: results/plot/outliers/outliers_4403.png
    jobid: 1
    reason: Missing output files: results/plot/outliers/outliers_4403.png
    resources: tmpdir=/var/folders/c9/hqnny2d55q989c0tpr5zmgtm0000gn/T

[Fri Jul 26 17:08:00 2024]
Finished job 1.
1 of 2 steps (50%) done
Select jobs to execute...
Execute 1 jobs...

[Fri Jul 26 17:08:00 2024]
localrule all:
    input: results/plot/outliers/outliers_4403.png
    jobid: 0
    reason: Input files updated by another job: results/plot/outliers/outliers_4403.png
    resources: tmpdir=/var/folders/c9/hqnny2d55q989c0tpr5zmgtm0000gn/T

[Fri Jul 26 17:08:00 2024]
Finished job 0.
2 of 2 steps (100%) done
Complete log: .snakemake/log/2024-07-26T170758.763515.snakemake.log
