host: MBP-de-Valentin
Building DAG of jobs...
Using shell: /bin/bash
Provided cores: 12
Rules claiming more threads will be scaled down.
Conda environments: ignored
Job stats:
job                      count
---------------------  -------
all                          1
correspondence_FAO_HS        1
total                        2

Select jobs to execute...
Execute 2 jobs...

[Sun Dec 22 11:40:04 2024]
localrule all:
    jobid: 1
    reason: Rules with neither input nor output files are always executed.
    resources: tmpdir=/var/folders/c9/hqnny2d55q989c0tpr5zmgtm0000gn/T

[Sun Dec 22 11:40:04 2024]
localrule correspondence_FAO_HS:
    output: resources/raw_data/correspondence_FAO_HS.json
    jobid: 0
    reason: Forced execution
    resources: tmpdir=/var/folders/c9/hqnny2d55q989c0tpr5zmgtm0000gn/T

[Sun Dec 22 11:40:04 2024]
Finished job 1.
1 of 2 steps (50%) done
RuleException:
CalledProcessError in file /Users/valentinmathieu/Desktop/wd/trade_discrepancies/workflow/rules/correspondence_FAO_HS.smk, line 6:
Command 'set -euo pipefail;  /Users/valentinmathieu/miniconda3/envs/trade_analysis/bin/python3.12 /Users/valentinmathieu/Desktop/wd/trade_discrepancies/.snakemake/scripts/tmpvxerrnuh.correspondence_FAO_HS.py' returned non-zero exit status 1.
[Sun Dec 22 11:40:05 2024]
Error in rule correspondence_FAO_HS:
    jobid: 0
    output: resources/raw_data/correspondence_FAO_HS.json

Shutting down, this might take some time.
Exiting because a job execution failed. Look above for error message
Complete log: .snakemake/log/2024-12-22T114004.372732.snakemake.log
WorkflowError:
At least one job did not complete successfully.
