host: MacBook-Pro-de-Valentin.local
Building DAG of jobs...
Using shell: /bin/bash
Provided cores: 12
Rules claiming more threads will be scaled down.
Conda environments: ignored
Job stats:
job               count
--------------  -------
all                   1
get_uncomtrade        2
total                 3

Select jobs to execute...
Execute 2 jobs...

[Mon Dec  9 18:02:11 2024]
localrule get_uncomtrade:
    output: resources/raw_data/uncomtrade_4403.parquet.gzip
    jobid: 2
    reason: Forced execution
    wildcards: cmd=4403
    resources: tmpdir=/var/folders/c9/hqnny2d55q989c0tpr5zmgtm0000gn/T

[Mon Dec  9 18:02:11 2024]
localrule get_uncomtrade:
    output: resources/raw_data/uncomtrade_4401.parquet.gzip
    jobid: 1
    reason: Forced execution
    wildcards: cmd=4401
    resources: tmpdir=/var/folders/c9/hqnny2d55q989c0tpr5zmgtm0000gn/T

RuleException:
CalledProcessError in file /Users/valentinmathieu/Desktop/wd/trade_discrepancies/workflow/rules/get_uncomtrade.smk, line 13:
Command 'set -euo pipefail;  /Users/valentinmathieu/miniconda3/envs/trade_analysis/bin/python3.12 /Users/valentinmathieu/Desktop/wd/trade_discrepancies/.snakemake/scripts/tmpfy9x2g1p.get_uncomtrade_data.py' returned non-zero exit status 1.
RuleException:
CalledProcessError in file /Users/valentinmathieu/Desktop/wd/trade_discrepancies/workflow/rules/get_uncomtrade.smk, line 13:
Command 'set -euo pipefail;  /Users/valentinmathieu/miniconda3/envs/trade_analysis/bin/python3.12 /Users/valentinmathieu/Desktop/wd/trade_discrepancies/.snakemake/scripts/tmp8d9622f5.get_uncomtrade_data.py' returned non-zero exit status 1.
[Mon Dec  9 18:11:00 2024]
Error in rule get_uncomtrade:
    jobid: 1
    output: resources/raw_data/uncomtrade_4401.parquet.gzip
    conda-env: /Users/valentinmathieu/Desktop/wd/trade_discrepancies/.snakemake/conda/529b8df9e49253a30827f4a2bf08e520_

