Building DAG of jobs...
Using shell: /bin/bash
Provided cores: 1 (use --cores to define parallelism)
Rules claiming more threads will be scaled down.
Conda environments: ignored
Job stats:
job                 count
----------------  -------
all                     1
get_uncomtrade         10
merge_uncomtrade        1
total                  12

Select jobs to execute...
Execute 1 jobs...

[Fri Jul 26 16:11:28 2024]
localrule get_uncomtrade:
    output: resources/raw_data/uncomtrade_4403.parquet.gzip
    jobid: 3
    reason: Missing output files: resources/raw_data/uncomtrade_4403.parquet.gzip
    wildcards: cmd=4403
    resources: tmpdir=/var/folders/c9/hqnny2d55q989c0tpr5zmgtm0000gn/T

[Fri Jul 26 16:12:13 2024]
Finished job 3.
1 of 12 steps (8%) done
Select jobs to execute...
Execute 1 jobs...

[Fri Jul 26 16:12:13 2024]
localrule get_uncomtrade:
    output: resources/raw_data/uncomtrade_4412.parquet.gzip
    jobid: 8
    reason: Code has changed since last execution
    wildcards: cmd=4412
    resources: tmpdir=/var/folders/c9/hqnny2d55q989c0tpr5zmgtm0000gn/T

[Fri Jul 26 16:13:06 2024]
Finished job 8.
2 of 12 steps (17%) done
Select jobs to execute...
Execute 1 jobs...

[Fri Jul 26 16:13:06 2024]
localrule get_uncomtrade:
    output: resources/raw_data/uncomtrade_4401.parquet.gzip
    jobid: 2
    reason: Code has changed since last execution
    wildcards: cmd=4401
    resources: tmpdir=/var/folders/c9/hqnny2d55q989c0tpr5zmgtm0000gn/T

[Fri Jul 26 16:13:50 2024]
Finished job 2.
3 of 12 steps (25%) done
Select jobs to execute...
Execute 1 jobs...

[Fri Jul 26 16:13:50 2024]
localrule get_uncomtrade:
    output: resources/raw_data/uncomtrade_4411.parquet.gzip
    jobid: 7
    reason: Code has changed since last execution
    wildcards: cmd=4411
    resources: tmpdir=/var/folders/c9/hqnny2d55q989c0tpr5zmgtm0000gn/T

[Fri Jul 26 16:14:45 2024]
Finished job 7.
4 of 12 steps (33%) done
Select jobs to execute...
Execute 1 jobs...

[Fri Jul 26 16:14:45 2024]
localrule get_uncomtrade:
    output: resources/raw_data/uncomtrade_4410.parquet.gzip
    jobid: 6
    reason: Code has changed since last execution
    wildcards: cmd=4410
    resources: tmpdir=/var/folders/c9/hqnny2d55q989c0tpr5zmgtm0000gn/T

[Fri Jul 26 16:15:27 2024]
Finished job 6.
5 of 12 steps (42%) done
Select jobs to execute...
Execute 1 jobs...

[Fri Jul 26 16:15:27 2024]
localrule get_uncomtrade:
    output: resources/raw_data/uncomtrade_8703.parquet.gzip
    jobid: 11
    reason: Code has changed since last execution
    wildcards: cmd=8703
    resources: tmpdir=/var/folders/c9/hqnny2d55q989c0tpr5zmgtm0000gn/T

[Fri Jul 26 16:17:45 2024]
Finished job 11.
6 of 12 steps (50%) done
Select jobs to execute...
Execute 1 jobs...

[Fri Jul 26 16:17:45 2024]
localrule get_uncomtrade:
    output: resources/raw_data/uncomtrade_4804.parquet.gzip
    jobid: 10
    reason: Code has changed since last execution
    wildcards: cmd=4804
    resources: tmpdir=/var/folders/c9/hqnny2d55q989c0tpr5zmgtm0000gn/T

[Fri Jul 26 16:18:55 2024]
Finished job 10.
7 of 12 steps (58%) done
Select jobs to execute...
Execute 1 jobs...

[Fri Jul 26 16:18:55 2024]
localrule get_uncomtrade:
    output: resources/raw_data/uncomtrade_4408.parquet.gzip
    jobid: 5
    reason: Code has changed since last execution
    wildcards: cmd=4408
    resources: tmpdir=/var/folders/c9/hqnny2d55q989c0tpr5zmgtm0000gn/T

[Fri Jul 26 16:19:50 2024]
Finished job 5.
8 of 12 steps (67%) done
Select jobs to execute...
Execute 1 jobs...

[Fri Jul 26 16:19:50 2024]
localrule get_uncomtrade:
    output: resources/raw_data/uncomtrade_4802.parquet.gzip
    jobid: 9
    reason: Code has changed since last execution
    wildcards: cmd=4802
    resources: tmpdir=/var/folders/c9/hqnny2d55q989c0tpr5zmgtm0000gn/T

[Fri Jul 26 16:20:59 2024]
Finished job 9.
9 of 12 steps (75%) done
Select jobs to execute...
Execute 1 jobs...

[Fri Jul 26 16:20:59 2024]
localrule get_uncomtrade:
    output: resources/raw_data/uncomtrade_4407.parquet.gzip
    jobid: 4
    reason: Code has changed since last execution
    wildcards: cmd=4407
    resources: tmpdir=/var/folders/c9/hqnny2d55q989c0tpr5zmgtm0000gn/T

[Fri Jul 26 16:21:59 2024]
Finished job 4.
10 of 12 steps (83%) done
Select jobs to execute...
Execute 1 jobs...

[Fri Jul 26 16:21:59 2024]
localrule merge_uncomtrade:
    input: resources/raw_data/uncomtrade_4401.parquet.gzip, resources/raw_data/uncomtrade_4403.parquet.gzip, resources/raw_data/uncomtrade_4407.parquet.gzip, resources/raw_data/uncomtrade_4408.parquet.gzip, resources/raw_data/uncomtrade_4410.parquet.gzip, resources/raw_data/uncomtrade_4411.parquet.gzip, resources/raw_data/uncomtrade_4412.parquet.gzip, resources/raw_data/uncomtrade_4802.parquet.gzip, resources/raw_data/uncomtrade_4804.parquet.gzip, resources/raw_data/uncomtrade_8703.parquet.gzip
    output: resources/raw_data/uncomtrade_merged.parquet.gzip
    jobid: 1
    reason: Missing output files: resources/raw_data/uncomtrade_merged.parquet.gzip; Input files updated by another job: resources/raw_data/uncomtrade_4408.parquet.gzip, resources/raw_data/uncomtrade_4410.parquet.gzip, resources/raw_data/uncomtrade_4407.parquet.gzip, resources/raw_data/uncomtrade_4403.parquet.gzip, resources/raw_data/uncomtrade_4411.parquet.gzip, resources/raw_data/uncomtrade_4804.parquet.gzip, resources/raw_data/uncomtrade_4412.parquet.gzip, resources/raw_data/uncomtrade_8703.parquet.gzip, resources/raw_data/uncomtrade_4802.parquet.gzip, resources/raw_data/uncomtrade_4401.parquet.gzip
    resources: tmpdir=/var/folders/c9/hqnny2d55q989c0tpr5zmgtm0000gn/T

RuleException:
CalledProcessError in file /Users/valentinmathieu/Desktop/wd/trade_discrepancies/workflow/rules/merge_uncomtrade.smk, line 10:
Command 'set -euo pipefail;  /Users/valentinmathieu/miniconda3/bin/python3.12 /Users/valentinmathieu/Desktop/wd/trade_discrepancies/.snakemake/scripts/tmpego0nn2l.merge_uncomtrade.py' returned non-zero exit status 1.
[Fri Jul 26 16:21:59 2024]
Error in rule merge_uncomtrade:
    jobid: 1
    input: resources/raw_data/uncomtrade_4401.parquet.gzip, resources/raw_data/uncomtrade_4403.parquet.gzip, resources/raw_data/uncomtrade_4407.parquet.gzip, resources/raw_data/uncomtrade_4408.parquet.gzip, resources/raw_data/uncomtrade_4410.parquet.gzip, resources/raw_data/uncomtrade_4411.parquet.gzip, resources/raw_data/uncomtrade_4412.parquet.gzip, resources/raw_data/uncomtrade_4802.parquet.gzip, resources/raw_data/uncomtrade_4804.parquet.gzip, resources/raw_data/uncomtrade_8703.parquet.gzip
    output: resources/raw_data/uncomtrade_merged.parquet.gzip

Shutting down, this might take some time.
Exiting because a job execution failed. Look above for error message
Complete log: .snakemake/log/2024-07-26T161128.437245.snakemake.log
WorkflowError:
At least one job did not complete successfully.
