host: MBP-de-Valentin
Building DAG of jobs...
Using shell: /bin/bash
Provided cores: 12
Rules claiming more threads will be scaled down.
Conda environments: ignored
Job stats:
job               count
--------------  -------
all                   1
get_uncomtrade        1
total                 2

Select jobs to execute...
Execute 1 jobs...

[Fri Dec 20 09:36:12 2024]
localrule get_uncomtrade:
    output: resources/raw_data/uncomtrade_data.parquet.gzip
    jobid: 1
    reason: Code has changed since last execution; Params have changed since last execution: Union of exclusive params before and now across all output: before: ['4401', '4403', '4410'],['2000', '2001', '2002', '2003', '2004', '2005', '2006', '2007', '2008', '2009', '2010', '2011'] now: ['4401', '4403', '4407', '4408', '4410', '4411', '4412', '4802', '4804', '8703'],['1996', '1997', '1998', '1999', '2000', '2001', '2002', '2003', '2004', '2005', '2006', '2007', '2008', '2009', '2010', '2011', '2012', '2013', '2014', '2015', '2016', '2017', '2018', '2019', '2020', '2021', '2022'] 
    resources: tmpdir=/var/folders/c9/hqnny2d55q989c0tpr5zmgtm0000gn/T

Waiting at most 5 seconds for missing files.
MissingOutputException in rule get_uncomtrade in file /Users/valentinmathieu/Desktop/wd/trade_discrepancies/workflow/rules/get_uncomtrade.smk, line 1:
Job 1  completed successfully, but some output files are missing. Missing files after 5 seconds. This might be due to filesystem latency. If that is the case, consider to increase the wait time with --latency-wait:
resources/raw_data/uncomtrade_data.parquet.gzip (missing locally, parent dir contents: .DS_Store, uncomtrade_4401.parquet.gzip, uncomtrade_8703.parquet.gzip, uncomtrade_4407.parquet.gzip, uncomtrade_merged.parquet.gzip, uncomtrade_4412.parquet.gzip, uncomtrade_4410.parquet.gzip, uncomtrade_4411.parquet.gzip, uncomtrade_4403.parquet.gzip, uncomtrade_4802.parquet.gzip, uncomtrade_4804.parquet.gzip, uncomtrade_4408.parquet.gzip)
Shutting down, this might take some time.
Exiting because a job execution failed. Look above for error message
Complete log: .snakemake/log/2024-12-20T093612.000059.snakemake.log
WorkflowError:
At least one job did not complete successfully.
