Building DAG of jobs...
Using shell: /bin/bash
Provided cores: 12
Rules claiming more threads will be scaled down.
Conda environments: ignored
Job stats:
job               count
--------------  -------
all                   1
get_uncomtrade        2
total                 3

Select jobs to execute...
Execute 2 jobs...

[Mon Dec  9 17:52:04 2024]
localrule get_uncomtrade:
    output: resources/raw_data/uncomtrade_4403.parquet.gzip
    jobid: 2
    reason: Forced execution
    wildcards: cmd=4403
    resources: tmpdir=/var/folders/c9/hqnny2d55q989c0tpr5zmgtm0000gn/T

[Mon Dec  9 17:52:04 2024]
localrule get_uncomtrade:
    output: resources/raw_data/uncomtrade_4401.parquet.gzip
    jobid: 1
    reason: Forced execution
    wildcards: cmd=4401
    resources: tmpdir=/var/folders/c9/hqnny2d55q989c0tpr5zmgtm0000gn/T

RuleException:
CalledProcessError in file /Users/valentinmathieu/Desktop/wd/trade_discrepancies/workflow/rules/get_uncomtrade.smk, line 13:
Command 'set -euo pipefail;  /Users/valentinmathieu/miniconda3/envs/trade_discrepancies/bin/python3.12 /Users/valentinmathieu/Desktop/wd/trade_discrepancies/.snakemake/scripts/tmpflpmep6f.get_uncomtrade_data.py' returned non-zero exit status 1.
RuleException:
CalledProcessError in file /Users/valentinmathieu/Desktop/wd/trade_discrepancies/workflow/rules/get_uncomtrade.smk, line 13:
Command 'set -euo pipefail;  /Users/valentinmathieu/miniconda3/envs/trade_discrepancies/bin/python3.12 /Users/valentinmathieu/Desktop/wd/trade_discrepancies/.snakemake/scripts/tmpm2_scrxx.get_uncomtrade_data.py' returned non-zero exit status 1.
[Mon Dec  9 17:52:05 2024]
[Mon Dec  9 17:52:05 2024]
Error in rule get_uncomtrade:
    jobid: 1
    output: resources/raw_data/uncomtrade_4401.parquet.gzip
    conda-env: /Users/valentinmathieu/Desktop/wd/trade_discrepancies/.snakemake/conda/529b8df9e49253a30827f4a2bf08e520_

Error in rule get_uncomtrade:
    jobid: 2
    output: resources/raw_data/uncomtrade_4403.parquet.gzip
    conda-env: /Users/valentinmathieu/Desktop/wd/trade_discrepancies/.snakemake/conda/529b8df9e49253a30827f4a2bf08e520_

Shutting down, this might take some time.
Exiting because a job execution failed. Look above for error message
Complete log: .snakemake/log/2024-12-09T175201.787825.snakemake.log
WorkflowError:
At least one job did not complete successfully.
