host: MBP-de-Valentin
Building DAG of jobs...
Using shell: /bin/bash
Provided cores: 12
Rules claiming more threads will be scaled down.
Conda environments: ignored
Job stats:
job                      count
---------------------  -------
all                          1
correspondence_FAO_HS        1
get_uncomtrade               1
total                        3

Select jobs to execute...
Execute 1 jobs...

[Fri Dec 27 17:57:39 2024]
localrule correspondence_FAO_HS:
    output: resources/raw_data/correspondence_FAO_HS.json
    jobid: 2
    reason: Code has changed since last execution
    resources: tmpdir=/var/folders/c9/hqnny2d55q989c0tpr5zmgtm0000gn/T

[Fri Dec 27 17:57:40 2024]
Finished job 2.
1 of 3 steps (33%) done
Select jobs to execute...
Execute 1 jobs...

[Fri Dec 27 17:57:40 2024]
localrule get_uncomtrade:
    input: resources/raw_data/correspondence_FAO_HS.json
    output: resources/raw_data/uncomtrade_data.parquet.gzip
    jobid: 1
    reason: Input files updated by another job: resources/raw_data/correspondence_FAO_HS.json
    resources: tmpdir=/var/folders/c9/hqnny2d55q989c0tpr5zmgtm0000gn/T

[Fri Dec 27 22:02:34 2024]
Finished job 1.
2 of 3 steps (67%) done
Select jobs to execute...
Execute 1 jobs...

[Fri Dec 27 22:02:34 2024]
localrule all:
    input: resources/raw_data/uncomtrade_data.parquet.gzip
    jobid: 0
    reason: Input files updated by another job: resources/raw_data/uncomtrade_data.parquet.gzip
    resources: tmpdir=/var/folders/c9/hqnny2d55q989c0tpr5zmgtm0000gn/T

[Fri Dec 27 22:02:34 2024]
Finished job 0.
3 of 3 steps (100%) done
Complete log: .snakemake/log/2024-12-27T175739.048984.snakemake.log
