host: MBP-de-Valentin
Building DAG of jobs...
Using shell: /bin/bash
Provided cores: 12
Rules claiming more threads will be scaled down.
Conda environments: ignored
Job stats:
job               count
--------------  -------
all                   1
get_uncomtrade        1
total                 2

Select jobs to execute...
Execute 1 jobs...

[Fri Dec 20 18:27:35 2024]
localrule get_uncomtrade:
    output: resources/raw_data/uncomtrade_data.parquet.gzip
    jobid: 1
    reason: Missing output files: resources/raw_data/uncomtrade_data.parquet.gzip
    resources: tmpdir=/var/folders/c9/hqnny2d55q989c0tpr5zmgtm0000gn/T

[Fri Dec 20 18:36:12 2024]
Finished job 1.
1 of 2 steps (50%) done
Select jobs to execute...
Execute 1 jobs...

[Fri Dec 20 18:36:12 2024]
localrule all:
    input: resources/raw_data/uncomtrade_data.parquet.gzip
    jobid: 0
    reason: Input files updated by another job: resources/raw_data/uncomtrade_data.parquet.gzip
    resources: tmpdir=/var/folders/c9/hqnny2d55q989c0tpr5zmgtm0000gn/T

[Fri Dec 20 18:36:12 2024]
Finished job 0.
2 of 2 steps (100%) done
Complete log: .snakemake/log/2024-12-20T182735.018223.snakemake.log
