host: MacBook-Pro-de-Valentin.local
Building DAG of jobs...
Using shell: /bin/bash
Provided cores: 12
Rules claiming more threads will be scaled down.
Conda environments: ignored
Job stats:
job               count
--------------  -------
all                   1
get_uncomtrade       10
total                11

Select jobs to execute...
Execute 10 jobs...

[Mon Dec  9 20:36:16 2024]
localrule get_uncomtrade:
    output: resources/raw_data/uncomtrade_4403.parquet.gzip
    jobid: 2
    reason: Forced execution
    wildcards: cmd=4403
    resources: tmpdir=/var/folders/c9/hqnny2d55q989c0tpr5zmgtm0000gn/T

[Mon Dec  9 20:36:16 2024]
localrule get_uncomtrade:
    output: resources/raw_data/uncomtrade_4412.parquet.gzip
    jobid: 7
    reason: Forced execution
    wildcards: cmd=4412
    resources: tmpdir=/var/folders/c9/hqnny2d55q989c0tpr5zmgtm0000gn/T

[Mon Dec  9 20:36:16 2024]
localrule get_uncomtrade:
    output: resources/raw_data/uncomtrade_4407.parquet.gzip
    jobid: 3
    reason: Forced execution
    wildcards: cmd=4407
    resources: tmpdir=/var/folders/c9/hqnny2d55q989c0tpr5zmgtm0000gn/T

[Mon Dec  9 20:36:16 2024]
localrule get_uncomtrade:
    output: resources/raw_data/uncomtrade_4802.parquet.gzip
    jobid: 8
    reason: Forced execution
    wildcards: cmd=4802
    resources: tmpdir=/var/folders/c9/hqnny2d55q989c0tpr5zmgtm0000gn/T

[Mon Dec  9 20:36:16 2024]
localrule get_uncomtrade:
    output: resources/raw_data/uncomtrade_4408.parquet.gzip
    jobid: 4
    reason: Forced execution
    wildcards: cmd=4408
    resources: tmpdir=/var/folders/c9/hqnny2d55q989c0tpr5zmgtm0000gn/T

[Mon Dec  9 20:36:16 2024]
localrule get_uncomtrade:
    output: resources/raw_data/uncomtrade_4804.parquet.gzip
    jobid: 9
    reason: Forced execution
    wildcards: cmd=4804
    resources: tmpdir=/var/folders/c9/hqnny2d55q989c0tpr5zmgtm0000gn/T

[Mon Dec  9 20:36:16 2024]
localrule get_uncomtrade:
    output: resources/raw_data/uncomtrade_8703.parquet.gzip
    jobid: 10
    reason: Forced execution
    wildcards: cmd=8703
    resources: tmpdir=/var/folders/c9/hqnny2d55q989c0tpr5zmgtm0000gn/T

[Mon Dec  9 20:36:16 2024]
localrule get_uncomtrade:
    output: resources/raw_data/uncomtrade_4410.parquet.gzip
    jobid: 5
    reason: Forced execution
    wildcards: cmd=4410
    resources: tmpdir=/var/folders/c9/hqnny2d55q989c0tpr5zmgtm0000gn/T

[Mon Dec  9 20:36:16 2024]
localrule get_uncomtrade:
    output: resources/raw_data/uncomtrade_4401.parquet.gzip
    jobid: 1
    reason: Forced execution
    wildcards: cmd=4401
    resources: tmpdir=/var/folders/c9/hqnny2d55q989c0tpr5zmgtm0000gn/T

[Mon Dec  9 20:36:16 2024]
localrule get_uncomtrade:
    output: resources/raw_data/uncomtrade_4411.parquet.gzip
    jobid: 6
    reason: Forced execution
    wildcards: cmd=4411
    resources: tmpdir=/var/folders/c9/hqnny2d55q989c0tpr5zmgtm0000gn/T

[Mon Dec  9 20:38:20 2024]
Finished job 2.
1 of 11 steps (9%) done
[Mon Dec  9 20:38:36 2024]
Finished job 6.
2 of 11 steps (18%) done
[Mon Dec  9 20:38:43 2024]
Finished job 1.
3 of 11 steps (27%) done
[Mon Dec  9 20:38:54 2024]
Finished job 4.
4 of 11 steps (36%) done
[Mon Dec  9 20:39:07 2024]
Finished job 5.
5 of 11 steps (45%) done
[Mon Dec  9 20:39:22 2024]
Finished job 9.
6 of 11 steps (55%) done
[Mon Dec  9 20:39:24 2024]
Finished job 7.
7 of 11 steps (64%) done
[Mon Dec  9 20:39:29 2024]
Finished job 3.
8 of 11 steps (73%) done
[Mon Dec  9 20:39:53 2024]
Finished job 8.
9 of 11 steps (82%) done
[Mon Dec  9 20:41:06 2024]
Finished job 10.
10 of 11 steps (91%) done
Select jobs to execute...
Execute 1 jobs...

[Mon Dec  9 20:41:06 2024]
localrule all:
    input: resources/raw_data/uncomtrade_4401.parquet.gzip, resources/raw_data/uncomtrade_4403.parquet.gzip, resources/raw_data/uncomtrade_4407.parquet.gzip, resources/raw_data/uncomtrade_4408.parquet.gzip, resources/raw_data/uncomtrade_4410.parquet.gzip, resources/raw_data/uncomtrade_4411.parquet.gzip, resources/raw_data/uncomtrade_4412.parquet.gzip, resources/raw_data/uncomtrade_4802.parquet.gzip, resources/raw_data/uncomtrade_4804.parquet.gzip, resources/raw_data/uncomtrade_8703.parquet.gzip
    jobid: 0
    reason: Forced execution
    resources: tmpdir=/var/folders/c9/hqnny2d55q989c0tpr5zmgtm0000gn/T

[Mon Dec  9 20:41:06 2024]
Finished job 0.
11 of 11 steps (100%) done
Complete log: .snakemake/log/2024-12-09T203616.587472.snakemake.log
