Building DAG of jobs...
Using shell: /bin/bash
Provided cores: 1 (use --cores to define parallelism)
Rules claiming more threads will be scaled down.
Conda environments: ignored
Job stats:
job                 count
----------------  -------
all                     1
merge_uncomtrade        1
total                   2

Select jobs to execute...
Execute 1 jobs...

[Fri Jul 26 16:35:59 2024]
localrule merge_uncomtrade:
    input: resources/raw_data/uncomtrade_4401.parquet.gzip, resources/raw_data/uncomtrade_4403.parquet.gzip, resources/raw_data/uncomtrade_4407.parquet.gzip, resources/raw_data/uncomtrade_4408.parquet.gzip, resources/raw_data/uncomtrade_4410.parquet.gzip, resources/raw_data/uncomtrade_4411.parquet.gzip, resources/raw_data/uncomtrade_4412.parquet.gzip, resources/raw_data/uncomtrade_4802.parquet.gzip, resources/raw_data/uncomtrade_4804.parquet.gzip, resources/raw_data/uncomtrade_8703.parquet.gzip
    output: resources/raw_data/uncomtrade_merged.parquet.gzip
    jobid: 1
    reason: Missing output files: resources/raw_data/uncomtrade_merged.parquet.gzip
    resources: tmpdir=/var/folders/c9/hqnny2d55q989c0tpr5zmgtm0000gn/T

RuleException:
CalledProcessError in file /Users/valentinmathieu/Desktop/wd/trade_discrepancies/workflow/rules/merge_uncomtrade.smk, line 10:
Command 'set -euo pipefail;  /Users/valentinmathieu/miniconda3/bin/python3.12 /Users/valentinmathieu/Desktop/wd/trade_discrepancies/.snakemake/scripts/tmp_wd9y0uj.merge_uncomtrade.py' returned non-zero exit status 1.
[Fri Jul 26 16:35:59 2024]
Error in rule merge_uncomtrade:
    jobid: 1
    input: resources/raw_data/uncomtrade_4401.parquet.gzip, resources/raw_data/uncomtrade_4403.parquet.gzip, resources/raw_data/uncomtrade_4407.parquet.gzip, resources/raw_data/uncomtrade_4408.parquet.gzip, resources/raw_data/uncomtrade_4410.parquet.gzip, resources/raw_data/uncomtrade_4411.parquet.gzip, resources/raw_data/uncomtrade_4412.parquet.gzip, resources/raw_data/uncomtrade_4802.parquet.gzip, resources/raw_data/uncomtrade_4804.parquet.gzip, resources/raw_data/uncomtrade_8703.parquet.gzip
    output: resources/raw_data/uncomtrade_merged.parquet.gzip

Shutting down, this might take some time.
Exiting because a job execution failed. Look above for error message
Complete log: .snakemake/log/2024-07-26T163559.169038.snakemake.log
WorkflowError:
At least one job did not complete successfully.
