Building DAG of jobs...
Using shell: /bin/bash
Provided cores: 1 (use --cores to define parallelism)
Rules claiming more threads will be scaled down.
Conda environments: ignored
Job stats:
job                 count
----------------  -------
all                     1
get_uncomtrade         10
merge_uncomtrade        1
total                  12

Select jobs to execute...
Execute 1 jobs...

[Fri Jul 26 16:05:51 2024]
localrule get_uncomtrade:
    output: resources/raw_data/uncomtrade_4403.parquet.gzip
    jobid: 3
    reason: Code has changed since last execution
    wildcards: cmd=4403
    resources: tmpdir=/var/folders/c9/hqnny2d55q989c0tpr5zmgtm0000gn/T

RuleException:
CalledProcessError in file /Users/valentinmathieu/Desktop/wd/trade_discrepancies/workflow/rules/get_uncomtrade.smk, line 13:
Command 'set -euo pipefail;  /Users/valentinmathieu/miniconda3/bin/python3.12 /Users/valentinmathieu/Desktop/wd/trade_discrepancies/.snakemake/scripts/tmpyzu4nlav.get_uncomtrade_data.py' returned non-zero exit status 1.
[Fri Jul 26 16:05:52 2024]
Error in rule get_uncomtrade:
    jobid: 3
    output: resources/raw_data/uncomtrade_4403.parquet.gzip
    conda-env: /Users/valentinmathieu/Desktop/wd/trade_discrepancies/.snakemake/conda/529b8df9e49253a30827f4a2bf08e520_

Shutting down, this might take some time.
Exiting because a job execution failed. Look above for error message
Complete log: .snakemake/log/2024-07-26T160550.090585.snakemake.log
WorkflowError:
At least one job did not complete successfully.
